<?xml version="1.0" encoding="UTF-8"?>
<testsuite name="CalculatorTest" tests="1" skipped="0" failures="0" errors="0" timestamp="2024-03-21T14:57:34" hostname="DESKTOP-QJSOIFA" time="0.012">
  <properties/>
  <testcase name="add()" classname="CalculatorTest" time="0.012"/>
  <system-out><![CDATA[]]></system-out>
  <system-err><![CDATA[]]></system-err>
</testsuite>
